Code/ai-hub-apps-main-Kartik/apps/android/ChatApp/build/intermediates/manifest_merge_blame_file/debug/processDebugMainManifest/manifest-merger-blame-debug-report.txt
1<?xml version="1.0" encoding="utf-8"?>
2<manifest xmlns:android="http://schemas.android.com/apk/res/android"
3    package="com.quicinc.chatapp"
4    android:versionCode="1"
5    android:versionName="1.0" >
6
7    <uses-sdk
8        android:minSdkVersion="31"
9        android:targetSdkVersion="34" />
10
11    <permission
11-->[androidx.core:core:1.13.0] AndroidManifest.xml:22:5-24:47
12        android:name="com.quicinc.chatapp.DYNAMIC_RECEIVER_NOT_EXPORTED_PERMISSION"
12-->[androidx.core:core:1.13.0] AndroidManifest.xml:23:9-81
13        android:protectionLevel="signature" />
13-->[androidx.core:core:1.13.0] AndroidManifest.xml:24:9-44
14
15    <uses-permission android:name="com.quicinc.chatapp.DYNAMIC_RECEIVER_NOT_EXPORTED_PERMISSION" />
15-->[androidx.core:core:1.13.0] AndroidManifest.xml:26:5-97
15-->[androidx.core:core:1.13.0] AndroidManifest.xml:26:22-94
16
17    <application
17-->src/main/AndroidManifest.xml:4:5-99:19
18        android:allowBackup="true"
18-->src/main/AndroidManifest.xml:6:9-35
19        android:appComponentFactory="androidx.core.app.CoreComponentFactory"
19-->[androidx.core:core:1.13.0] AndroidManifest.xml:28:18-86
20        android:dataExtractionRules="@xml/data_extraction_rules"
20-->src/main/AndroidManifest.xml:7:9-65
21        android:debuggable="true"
22        android:extractNativeLibs="true"
23        android:fullBackupContent="@xml/backup_rules"
23-->src/main/AndroidManifest.xml:8:9-54
24        android:icon="@mipmap/ic_launcher"
24-->src/main/AndroidManifest.xml:9:9-43
25        android:label="@string/app_name"
25-->src/main/AndroidManifest.xml:10:9-41
26        android:largeHeap="true"
26-->src/main/AndroidManifest.xml:5:9-33
27        android:roundIcon="@mipmap/ic_launcher_round"
27-->src/main/AndroidManifest.xml:11:9-54
28        android:supportsRtl="true"
28-->src/main/AndroidManifest.xml:12:9-35
29        android:theme="@style/Theme.ChatApp" >
29-->src/main/AndroidManifest.xml:13:9-45
30
31        <!-- Main/Splash Activity - decides where to go -->
32        <activity
32-->src/main/AndroidManifest.xml:16:9-24:20
33            android:name="com.quicinc.chatapp.MainActivity"
33-->src/main/AndroidManifest.xml:17:13-60
34            android:exported="true"
34-->src/main/AndroidManifest.xml:18:13-36
35            android:noHistory="true" >
35-->src/main/AndroidManifest.xml:19:13-37
36            <intent-filter>
36-->src/main/AndroidManifest.xml:20:13-23:29
37                <action android:name="android.intent.action.MAIN" />
37-->src/main/AndroidManifest.xml:21:17-69
37-->src/main/AndroidManifest.xml:21:25-66
38
39                <category android:name="android.intent.category.LAUNCHER" />
39-->src/main/AndroidManifest.xml:22:17-77
39-->src/main/AndroidManifest.xml:22:27-74
40            </intent-filter>
41        </activity>
42
43        <!-- Login Activity -->
44        <activity
44-->src/main/AndroidManifest.xml:27:9-30:40
45            android:name="com.quicinc.chatapp.LoginActivity"
45-->src/main/AndroidManifest.xml:28:13-61
46            android:exported="false"
46-->src/main/AndroidManifest.xml:29:13-37
47            android:noHistory="true" />
47-->src/main/AndroidManifest.xml:30:13-37
48
49        <!-- Register Activity -->
50        <activity
50-->src/main/AndroidManifest.xml:33:9-35:40
51            android:name="com.quicinc.chatapp.RegisterActivity"
51-->src/main/AndroidManifest.xml:34:13-64
52            android:exported="false" />
52-->src/main/AndroidManifest.xml:35:13-37
53
54        <!-- Home Activity -->
55        <activity
55-->src/main/AndroidManifest.xml:38:9-40:40
56            android:name="com.quicinc.chatapp.HomeActivity"
56-->src/main/AndroidManifest.xml:39:13-60
57            android:exported="false" />
57-->src/main/AndroidManifest.xml:40:13-37
58
59        <!-- Conversation Activity (Chat/PDF) -->
60        <activity
60-->src/main/AndroidManifest.xml:43:9-46:77
61            android:name="com.quicinc.chatapp.Conversation"
61-->src/main/AndroidManifest.xml:44:13-60
62            android:exported="false"
62-->src/main/AndroidManifest.xml:45:13-37
63            android:parentActivityName="com.quicinc.chatapp.HomeActivity" />
63-->src/main/AndroidManifest.xml:46:13-74
64
65        <!-- Quiz Activity -->
66        <activity
66-->src/main/AndroidManifest.xml:49:9-52:77
67            android:name="com.quicinc.chatapp.QuizActivity"
67-->src/main/AndroidManifest.xml:50:13-60
68            android:exported="false"
68-->src/main/AndroidManifest.xml:51:13-37
69            android:parentActivityName="com.quicinc.chatapp.HomeActivity" />
69-->src/main/AndroidManifest.xml:52:13-74
70
71        <!-- Quiz History Activity -->
72        <activity
72-->src/main/AndroidManifest.xml:55:9-58:77
73            android:name="com.quicinc.chatapp.QuizHistoryActivity"
73-->src/main/AndroidManifest.xml:56:13-67
74            android:exported="false"
74-->src/main/AndroidManifest.xml:57:13-37
75            android:parentActivityName="com.quicinc.chatapp.HomeActivity" />
75-->src/main/AndroidManifest.xml:58:13-74
76
77        <!-- Quiz Detail Activity -->
78        <activity
78-->src/main/AndroidManifest.xml:61:9-64:84
79            android:name="com.quicinc.chatapp.QuizDetailActivity"
79-->src/main/AndroidManifest.xml:62:13-66
80            android:exported="false"
80-->src/main/AndroidManifest.xml:63:13-37
81            android:parentActivityName="com.quicinc.chatapp.QuizHistoryActivity" />
81-->src/main/AndroidManifest.xml:64:13-81
82
83        <!-- Flashcard Activities -->
84        <activity
84-->src/main/AndroidManifest.xml:67:9-70:77
85            android:name="com.quicinc.chatapp.FlashcardActivity"
85-->src/main/AndroidManifest.xml:68:13-65
86            android:exported="false"
86-->src/main/AndroidManifest.xml:69:13-37
87            android:parentActivityName="com.quicinc.chatapp.HomeActivity" />
87-->src/main/AndroidManifest.xml:70:13-74
88        <activity
88-->src/main/AndroidManifest.xml:72:9-75:82
89            android:name="com.quicinc.chatapp.FlashcardPdfGeneratorActivity"
89-->src/main/AndroidManifest.xml:73:13-77
90            android:exported="false"
90-->src/main/AndroidManifest.xml:74:13-37
91            android:parentActivityName="com.quicinc.chatapp.FlashcardActivity" />
91-->src/main/AndroidManifest.xml:75:13-79
92        <activity
92-->src/main/AndroidManifest.xml:77:9-80:82
93            android:name="com.quicinc.chatapp.CreateFlashcardSetActivity"
93-->src/main/AndroidManifest.xml:78:13-74
94            android:exported="false"
94-->src/main/AndroidManifest.xml:79:13-37
95            android:parentActivityName="com.quicinc.chatapp.FlashcardActivity" />
95-->src/main/AndroidManifest.xml:80:13-79
96        <activity
96-->src/main/AndroidManifest.xml:82:9-85:82
97            android:name="com.quicinc.chatapp.FlashcardStudyActivity"
97-->src/main/AndroidManifest.xml:83:13-70
98            android:exported="false"
98-->src/main/AndroidManifest.xml:84:13-37
99            android:parentActivityName="com.quicinc.chatapp.FlashcardActivity" />
99-->src/main/AndroidManifest.xml:85:13-79
100
101        <!-- Create Gem Activity -->
102        <activity
102-->src/main/AndroidManifest.xml:88:9-91:77
103            android:name="com.quicinc.chatapp.CreateGemActivity"
103-->src/main/AndroidManifest.xml:89:13-65
104            android:exported="false"
104-->src/main/AndroidManifest.xml:90:13-37
105            android:parentActivityName="com.quicinc.chatapp.HomeActivity" />
105-->src/main/AndroidManifest.xml:91:13-74
106
107        <uses-native-library
107-->src/main/AndroidManifest.xml:93:9-95:40
108            android:name="libadsprpc.so"
108-->src/main/AndroidManifest.xml:94:13-41
109            android:required="false" />
109-->src/main/AndroidManifest.xml:95:13-37
110        <uses-native-library
110-->src/main/AndroidManifest.xml:93:9-95:40
111            android:name="libcdsprpc.so"
111-->src/main/AndroidManifest.xml:94:13-41
112            android:required="false" />
112-->src/main/AndroidManifest.xml:95:13-37
113
114        <provider
114-->[androidx.emoji2:emoji2:1.3.0] AndroidManifest.xml:24:9-32:20
115            android:name="androidx.startup.InitializationProvider"
115-->[androidx.emoji2:emoji2:1.3.0] AndroidManifest.xml:25:13-67
116            android:authorities="com.quicinc.chatapp.androidx-startup"
116-->[androidx.emoji2:emoji2:1.3.0] AndroidManifest.xml:26:13-68
117            android:exported="false" >
117-->[androidx.emoji2:emoji2:1.3.0] AndroidManifest.xml:27:13-37
118            <meta-data
118-->[androidx.emoji2:emoji2:1.3.0] AndroidManifest.xml:29:13-31:52
119                android:name="androidx.emoji2.text.EmojiCompatInitializer"
119-->[androidx.emoji2:emoji2:1.3.0] AndroidManifest.xml:30:17-75
120                android:value="androidx.startup" />
120-->[androidx.emoji2:emoji2:1.3.0] AndroidManifest.xml:31:17-49
121            <meta-data
121-->[androidx.lifecycle:lifecycle-process:2.6.2] AndroidManifest.xml:29:13-31:52
122                android:name="androidx.lifecycle.ProcessLifecycleInitializer"
122-->[androidx.lifecycle:lifecycle-process:2.6.2] AndroidManifest.xml:30:17-78
123                android:value="androidx.startup" />
123-->[androidx.lifecycle:lifecycle-process:2.6.2] AndroidManifest.xml:31:17-49
124            <meta-data
124-->[androidx.profileinstaller:profileinstaller:1.4.0] AndroidManifest.xml:29:13-31:52
125                android:name="androidx.profileinstaller.ProfileInstallerInitializer"
125-->[androidx.profileinstaller:profileinstaller:1.4.0] AndroidManifest.xml:30:17-85
126                android:value="androidx.startup" />
126-->[androidx.profileinstaller:profileinstaller:1.4.0] AndroidManifest.xml:31:17-49
127        </provider>
128
129        <receiver
129-->[androidx.profileinstaller:profileinstaller:1.4.0] AndroidManifest.xml:34:9-52:20
130            android:name="androidx.profileinstaller.ProfileInstallReceiver"
130-->[androidx.profileinstaller:profileinstaller:1.4.0] AndroidManifest.xml:35:13-76
131            android:directBootAware="false"
131-->[androidx.profileinstaller:profileinstaller:1.4.0] AndroidManifest.xml:36:13-44
132            android:enabled="true"
132-->[androidx.profileinstaller:profileinstaller:1.4.0] AndroidManifest.xml:37:13-35
133            android:exported="true"
133-->[androidx.profileinstaller:profileinstaller:1.4.0] AndroidManifest.xml:38:13-36
134            android:permission="android.permission.DUMP" >
134-->[androidx.profileinstaller:profileinstaller:1.4.0] AndroidManifest.xml:39:13-57
135            <intent-filter>
135-->[androidx.profileinstaller:profileinstaller:1.4.0] AndroidManifest.xml:40:13-42:29
136                <action android:name="androidx.profileinstaller.action.INSTALL_PROFILE" />
136-->[androidx.profileinstaller:profileinstaller:1.4.0] AndroidManifest.xml:41:17-91
136-->[androidx.profileinstaller:profileinstaller:1.4.0] AndroidManifest.xml:41:25-88
137            </intent-filter>
138            <intent-filter>
138-->[androidx.profileinstaller:profileinstaller:1.4.0] AndroidManifest.xml:43:13-45:29
139                <action android:name="androidx.profileinstaller.action.SKIP_FILE" />
139-->[androidx.profileinstaller:profileinstaller:1.4.0] AndroidManifest.xml:44:17-85
139-->[androidx.profileinstaller:profileinstaller:1.4.0] AndroidManifest.xml:44:25-82
140            </intent-filter>
141            <intent-filter>
141-->[androidx.profileinstaller:profileinstaller:1.4.0] AndroidManifest.xml:46:13-48:29
142                <action android:name="androidx.profileinstaller.action.SAVE_PROFILE" />
142-->[androidx.profileinstaller:profileinstaller:1.4.0] AndroidManifest.xml:47:17-88
142-->[androidx.profileinstaller:profileinstaller:1.4.0] AndroidManifest.xml:47:25-85
143            </intent-filter>
144            <intent-filter>
144-->[androidx.profileinstaller:profileinstaller:1.4.0] AndroidManifest.xml:49:13-51:29
145                <action android:name="androidx.profileinstaller.action.BENCHMARK_OPERATION" />
145-->[androidx.profileinstaller:profileinstaller:1.4.0] AndroidManifest.xml:50:17-95
145-->[androidx.profileinstaller:profileinstaller:1.4.0] AndroidManifest.xml:50:25-92
146            </intent-filter>
147        </receiver>
148    </application>
149
150</manifest>